c:\users\susib\documents\github\engine\susimachine\x64\debug\vc143.pdb
c:\users\susib\documents\github\engine\susimachine\x64\debug\vc143.idb
c:\users\susib\documents\github\engine\susimachine\x64\debug\main.obj
c:\users\susib\documents\github\engine\susimachine\x64\debug\shader.obj
c:\users\susib\documents\github\engine\susimachine\x64\debug\glad.obj
c:\users\susib\documents\github\engine\susimachine\x64\debug\susimachine.ilk
c:\users\susib\documents\github\engine\x64\debug\susimachine.pdb
c:\users\susib\documents\github\engine\susimachine\x64\debug\susimachine.tlog\cl.command.1.tlog
c:\users\susib\documents\github\engine\susimachine\x64\debug\susimachine.tlog\cl.items.tlog
c:\users\susib\documents\github\engine\susimachine\x64\debug\susimachine.tlog\cl.read.1.tlog
c:\users\susib\documents\github\engine\susimachine\x64\debug\susimachine.tlog\cl.write.1.tlog
c:\users\susib\documents\github\engine\susimachine\x64\debug\susimachine.tlog\link-cvtres.read.1.tlog
c:\users\susib\documents\github\engine\susimachine\x64\debug\susimachine.tlog\link-cvtres.write.1.tlog
c:\users\susib\documents\github\engine\susimachine\x64\debug\susimachine.tlog\link-rc.read.1.tlog
c:\users\susib\documents\github\engine\susimachine\x64\debug\susimachine.tlog\link-rc.write.1.tlog
c:\users\susib\documents\github\engine\susimachine\x64\debug\susimachine.tlog\link.24080-cvtres.read.1.tlog
c:\users\susib\documents\github\engine\susimachine\x64\debug\susimachine.tlog\link.24080-cvtres.write.1.tlog
c:\users\susib\documents\github\engine\susimachine\x64\debug\susimachine.tlog\link.24080-rc.read.1.tlog
c:\users\susib\documents\github\engine\susimachine\x64\debug\susimachine.tlog\link.24080-rc.write.1.tlog
c:\users\susib\documents\github\engine\susimachine\x64\debug\susimachine.tlog\link.24080.read.1.tlog
c:\users\susib\documents\github\engine\susimachine\x64\debug\susimachine.tlog\link.24080.read.2.tlog
c:\users\susib\documents\github\engine\susimachine\x64\debug\susimachine.tlog\link.24080.read.3.tlog
c:\users\susib\documents\github\engine\susimachine\x64\debug\susimachine.tlog\link.24080.read.4.tlog
c:\users\susib\documents\github\engine\susimachine\x64\debug\susimachine.tlog\link.24080.write.1.tlog
c:\users\susib\documents\github\engine\susimachine\x64\debug\susimachine.tlog\link.command.1.tlog
c:\users\susib\documents\github\engine\susimachine\x64\debug\susimachine.tlog\link.read.1.tlog
c:\users\susib\documents\github\engine\susimachine\x64\debug\susimachine.tlog\link.read.2.tlog
c:\users\susib\documents\github\engine\susimachine\x64\debug\susimachine.tlog\link.read.3.tlog
c:\users\susib\documents\github\engine\susimachine\x64\debug\susimachine.tlog\link.read.4.tlog
c:\users\susib\documents\github\engine\susimachine\x64\debug\susimachine.tlog\link.secondary.1.tlog
c:\users\susib\documents\github\engine\susimachine\x64\debug\susimachine.tlog\link.write.1.tlog
