  glad.c
  Material.hpp
  Mesh.cpp
  Light.cpp
/include/Material.hpp(1,1): error C1083: Cannot open source file: 'include\Material.hpp': No such file or directory
  (compiling source file '/include/Material.hpp')
  
/Mesh.cpp(1,1): error C1083: Cannot open source file: 'Mesh.cpp': No such file or directory
  (compiling source file '/Mesh.cpp')
  
  Camera.cpp
  main.cpp
C:\Users\susib\Documents\GitHub\Engine\SusiMachine\src\main.cpp(19,9): warning C4005: 'GLM_SWIZZLE': macro redefinition
      C:\lib\glm\glm\detail\setup.hpp(599,10):
      see previous definition of 'GLM_SWIZZLE'
  
C:\Users\susib\Documents\GitHub\Engine\SusiMachine\src\main.cpp(291,17): warning C4244: '=': conversion from 'double' to 'float', possible loss of data
C:\Users\susib\Documents\GitHub\Engine\SusiMachine\src\main.cpp(292,17): warning C4244: '=': conversion from 'double' to 'float', possible loss of data
C:\Users\susib\Documents\GitHub\Engine\SusiMachine\src\main.cpp(298,19): warning C4244: 'initializing': conversion from 'double' to 'float', possible loss of data
C:\Users\susib\Documents\GitHub\Engine\SusiMachine\src\main.cpp(299,19): warning C4244: 'initializing': conversion from 'double' to 'float', possible loss of data
C:\Users\susib\Documents\GitHub\Engine\SusiMachine\src\main.cpp(300,13): warning C4244: '=': conversion from 'double' to 'float', possible loss of data
C:\Users\susib\Documents\GitHub\Engine\SusiMachine\src\main.cpp(301,13): warning C4244: '=': conversion from 'double' to 'float', possible loss of data
  Material.cpp
  notsure.cpp
  Object.cpp
  Shader.cpp
C:\Users\susib\Documents\GitHub\Engine\SusiMachine\src\Shader.cpp(73,61): warning C4244: 'argument': conversion from 'float' to 'GLint', possible loss of data
  Texture.cpp
  Generating Code...
